2021-11-13 14:26:36,509 INFO: model:mixnet, lr:0.1, optimizer:Adam, epochs:20
2021-11-13 14:30:34,531 INFO: epoch:1£¬lr:0.1, acc:19.968741380895466, best_acc: 19.968741380895466
2021-11-13 14:34:27,219 INFO: epoch:2£¬lr:0.1, acc:35.377401857129726, best_acc: 35.377401857129726
2021-11-13 14:38:19,391 INFO: epoch:3£¬lr:0.1, acc:32.959455732279125, best_acc: 35.377401857129726
2021-11-13 14:42:10,589 INFO: epoch:4£¬lr:0.1, acc:47.64181299990806, best_acc: 47.64181299990806
2021-11-13 14:45:59,898 INFO: epoch:5£¬lr:0.1, acc:29.70488186080721, best_acc: 47.64181299990806
2021-11-13 14:49:47,805 INFO: epoch:6£¬lr:0.1, acc:34.954491128068405, best_acc: 47.64181299990806
2021-11-13 14:53:36,872 INFO: epoch:7£¬lr:0.1, acc:38.20906499954032, best_acc: 47.64181299990806
2021-11-13 14:54:39,341 INFO: model:mixnet, lr:0.05, optimizer:Adam, epochs:20
2021-11-13 14:54:41,753 INFO: ------load start_epoch:5, best_acc:47.64181299990806------
2021-11-13 14:58:32,314 INFO: epoch:5£¬lr:0.05, acc:14.709938402132941, best_acc: 47.64181299990806
2021-11-13 15:02:20,097 INFO: epoch:6£¬lr:0.05, acc:24.059942998988692, best_acc: 47.64181299990806
2021-11-13 15:06:06,300 INFO: epoch:7£¬lr:0.05, acc:44.42401397444148, best_acc: 47.64181299990806
2021-11-13 15:09:55,177 INFO: epoch:8£¬lr:0.05, acc:38.17229015353498, best_acc: 47.64181299990806
2021-11-13 15:13:44,345 INFO: epoch:9£¬lr:0.05, acc:53.47062609175324, best_acc: 53.47062609175324
2021-11-13 15:17:33,083 INFO: epoch:10£¬lr:0.05, acc:56.339064080169166, best_acc: 56.339064080169166
2021-11-13 15:21:21,353 INFO: epoch:11£¬lr:0.05, acc:39.20198584168429, best_acc: 56.339064080169166
2021-11-13 15:25:12,072 INFO: epoch:12£¬lr:0.05, acc:55.57598602555852, best_acc: 56.339064080169166
2021-11-13 15:28:59,155 INFO: epoch:13£¬lr:0.05, acc:47.016640617817416, best_acc: 56.339064080169166
2021-11-13 15:32:47,662 INFO: epoch:14£¬lr:0.05, acc:53.636112898777235, best_acc: 56.339064080169166
2021-11-13 15:36:33,415 INFO: epoch:15£¬lr:0.05, acc:55.18985014250253, best_acc: 56.339064080169166
2021-11-13 15:40:19,565 INFO: epoch:16£¬lr:0.05, acc:52.854647421163925, best_acc: 56.339064080169166
2021-11-13 15:44:07,443 INFO: epoch:17£¬lr:0.05, acc:47.421163923876065, best_acc: 56.339064080169166
2021-11-13 15:47:54,629 INFO: epoch:18£¬lr:0.05, acc:51.80656431001195, best_acc: 56.339064080169166
2021-11-13 15:51:40,267 INFO: epoch:19£¬lr:0.05, acc:50.629769237841316, best_acc: 56.339064080169166
2021-11-13 15:55:25,396 INFO: epoch:20£¬lr:0.05, acc:53.185621035211916, best_acc: 56.339064080169166
2021-11-13 15:59:10,471 INFO: epoch:21£¬lr:0.05, acc:3.0706996414452514, best_acc: 56.339064080169166
2021-11-13 16:02:56,247 INFO: epoch:22£¬lr:0.05, acc:37.675829732462994, best_acc: 56.339064080169166
2021-11-13 16:06:43,623 INFO: epoch:23£¬lr:0.05, acc:36.4530661027857, best_acc: 56.339064080169166
2021-11-13 16:10:30,631 INFO: epoch:24£¬lr:0.05, acc:58.6834605130091, best_acc: 58.6834605130091
2021-11-13 16:10:30,631 INFO: best_acc:58.6834605130091
2021-11-13 16:19:00,969 INFO: model:mixnet, lr:0.01, optimizer:Adam, epochs:20
2021-11-13 16:19:03,353 INFO: ------load start_epoch:25, best_acc:58.6834605130091------
2021-11-13 16:22:55,644 INFO: epoch:25£¬lr:0.01, acc:67.19683736324355, best_acc: 67.19683736324355
2021-11-13 16:26:42,622 INFO: epoch:26£¬lr:0.01, acc:72.92451962857406, best_acc: 72.92451962857406
2021-11-13 16:30:28,637 INFO: epoch:27£¬lr:0.01, acc:67.84959087983819, best_acc: 72.92451962857406
2021-11-13 16:34:15,527 INFO: epoch:28£¬lr:0.01, acc:66.58085869265422, best_acc: 72.92451962857406
2021-11-13 16:38:03,846 INFO: epoch:29£¬lr:0.01, acc:68.81493058747816, best_acc: 72.92451962857406
2021-11-13 16:41:50,424 INFO: epoch:30£¬lr:0.01, acc:69.06316079801415, best_acc: 72.92451962857406
2021-11-13 16:45:36,843 INFO: epoch:31£¬lr:0.01, acc:62.544819343568996, best_acc: 72.92451962857406
2021-11-13 16:49:27,320 INFO: epoch:32£¬lr:0.01, acc:71.64659372988875, best_acc: 72.92451962857406
2021-11-13 16:53:14,210 INFO: epoch:33£¬lr:0.01, acc:72.93371334007539, best_acc: 72.93371334007539
2021-11-13 16:57:01,599 INFO: epoch:34£¬lr:0.01, acc:67.04973797922221, best_acc: 72.93371334007539
2021-11-13 17:00:47,700 INFO: epoch:35£¬lr:0.01, acc:75.91247586650731, best_acc: 75.91247586650731
2021-11-13 17:04:32,642 INFO: epoch:36£¬lr:0.01, acc:70.98464650179277, best_acc: 75.91247586650731
2021-11-13 17:08:22,309 INFO: epoch:37£¬lr:0.01, acc:64.02500689528362, best_acc: 75.91247586650731
2021-11-13 17:12:10,761 INFO: epoch:38£¬lr:0.01, acc:67.41748643927554, best_acc: 75.91247586650731
2021-11-13 17:15:55,932 INFO: epoch:39£¬lr:0.01, acc:72.05111703594741, best_acc: 75.91247586650731
2021-11-13 17:19:40,857 INFO: epoch:40£¬lr:0.01, acc:71.31562011584076, best_acc: 75.91247586650731
2021-11-13 17:23:25,380 INFO: epoch:41£¬lr:0.01, acc:74.71729337133401, best_acc: 75.91247586650731
2021-11-13 17:27:10,494 INFO: epoch:42£¬lr:0.01, acc:73.75195366369404, best_acc: 75.91247586650731
2021-11-13 17:30:58,944 INFO: epoch:43£¬lr:0.01, acc:74.87358646685666, best_acc: 75.91247586650731
2021-11-13 17:34:45,261 INFO: epoch:44£¬lr:0.01, acc:77.31911372621127, best_acc: 77.31911372621127
2021-11-13 17:34:45,261 INFO: best_acc:77.31911372621127
2021-11-13 18:09:02,140 INFO: model:mixnet, lr:0.001, optimizer:Adam, epochs:20
2021-11-13 18:09:04,465 INFO: ------load start_epoch:45, best_acc:77.31911372621127------
2021-11-13 18:12:55,982 INFO: epoch:45£¬lr:0.001, acc:82.14581226441115, best_acc: 82.14581226441115
2021-11-13 18:16:43,119 INFO: epoch:46£¬lr:0.001, acc:82.04468143789647, best_acc: 82.14581226441115
2021-11-13 18:20:28,676 INFO: epoch:47£¬lr:0.001, acc:82.11823112990714, best_acc: 82.14581226441115
2021-11-13 18:24:14,650 INFO: epoch:48£¬lr:0.001, acc:82.2745242254298, best_acc: 82.2745242254298
2021-11-13 18:28:02,096 INFO: epoch:49£¬lr:0.001, acc:82.2193619564218, best_acc: 82.2745242254298
2021-11-13 18:31:48,687 INFO: epoch:50£¬lr:0.001, acc:82.4675921669578, best_acc: 82.4675921669578
2021-11-13 18:35:35,354 INFO: epoch:51£¬lr:0.001, acc:82.62388526248046, best_acc: 82.62388526248046
2021-11-13 18:39:25,657 INFO: epoch:52£¬lr:0.001, acc:82.42162360945113, best_acc: 82.62388526248046
2021-11-13 18:43:12,464 INFO: epoch:53£¬lr:0.001, acc:82.58711041647513, best_acc: 82.62388526248046
2021-11-13 18:46:58,457 INFO: epoch:54£¬lr:0.001, acc:82.2193619564218, best_acc: 82.62388526248046
2021-11-13 18:50:45,030 INFO: epoch:55£¬lr:0.001, acc:82.56872299347246, best_acc: 82.62388526248046
2021-11-13 18:54:31,505 INFO: epoch:56£¬lr:0.001, acc:82.78017835800313, best_acc: 82.78017835800313
2021-11-13 18:58:21,085 INFO: epoch:57£¬lr:0.001, acc:82.72501608899513, best_acc: 82.78017835800313
2021-11-13 19:02:07,304 INFO: epoch:58£¬lr:0.001, acc:82.75259722349912, best_acc: 82.78017835800313
2021-11-13 19:05:52,273 INFO: epoch:59£¬lr:0.001, acc:82.81695320400846, best_acc: 82.81695320400846
2021-11-13 19:09:37,612 INFO: epoch:60£¬lr:0.001, acc:82.79856578100579, best_acc: 82.81695320400846
2021-11-13 19:13:23,864 INFO: epoch:61£¬lr:0.001, acc:82.56872299347246, best_acc: 82.81695320400846
2021-11-13 19:17:10,168 INFO: epoch:62£¬lr:0.001, acc:82.77098464650179, best_acc: 82.81695320400846
2021-11-13 19:20:58,508 INFO: epoch:63£¬lr:0.001, acc:82.65146639698446, best_acc: 82.81695320400846
2021-11-13 19:24:44,498 INFO: epoch:64£¬lr:0.001, acc:82.28371793693114, best_acc: 82.81695320400846
2021-11-13 19:24:44,498 INFO: best_acc:82.81695320400846
2021-11-13 21:58:02,554 INFO: model:mixnet, lr:0.0001, optimizer:Adam, epochs:20
2021-11-13 21:58:04,889 INFO: ------load start_epoch:60, best_acc:82.81695320400846------
2021-11-13 22:01:53,132 INFO: epoch:60£¬lr:0.0001, acc:83.28583249057644, best_acc: 83.28583249057644
2021-11-13 22:05:38,496 INFO: epoch:61£¬lr:0.0001, acc:83.00082743403512, best_acc: 83.28583249057644
2021-11-13 22:09:23,913 INFO: epoch:62£¬lr:0.0001, acc:83.19389537556312, best_acc: 83.28583249057644
2021-11-13 22:13:10,502 INFO: epoch:63£¬lr:0.0001, acc:83.31341362508044, best_acc: 83.31341362508044
2021-11-13 22:16:59,045 INFO: epoch:64£¬lr:0.0001, acc:83.33180104808311, best_acc: 83.33180104808311
2021-11-13 22:20:45,989 INFO: epoch:65£¬lr:0.0001, acc:83.38696331709112, best_acc: 83.38696331709112
2021-11-13 22:24:31,237 INFO: epoch:66£¬lr:0.0001, acc:83.30421991357912, best_acc: 83.38696331709112
2021-11-13 22:28:21,460 INFO: epoch:67£¬lr:0.0001, acc:83.23067022156845, best_acc: 83.38696331709112
2021-11-13 22:32:08,080 INFO: epoch:68£¬lr:0.0001, acc:83.47890043210444, best_acc: 83.47890043210444
2021-11-13 22:35:55,837 INFO: epoch:69£¬lr:0.0001, acc:83.18470166406178, best_acc: 83.47890043210444
2021-11-13 22:39:41,309 INFO: epoch:70£¬lr:0.0001, acc:83.17550795256045, best_acc: 83.47890043210444
2021-11-13 22:43:26,585 INFO: epoch:71£¬lr:0.0001, acc:83.45131929760043, best_acc: 83.47890043210444
2021-11-13 22:47:15,143 INFO: epoch:72£¬lr:0.0001, acc:83.35018847108577, best_acc: 83.47890043210444
2021-11-13 22:51:06,620 INFO: epoch:73£¬lr:0.0001, acc:83.27663877907511, best_acc: 83.47890043210444
2021-11-13 22:54:54,068 INFO: epoch:74£¬lr:0.0001, acc:83.28583249057644, best_acc: 83.47890043210444
2021-11-13 22:58:39,415 INFO: epoch:75£¬lr:0.0001, acc:83.34099475958445, best_acc: 83.47890043210444
2021-11-13 23:02:26,923 INFO: epoch:76£¬lr:0.0001, acc:83.25825135607245, best_acc: 83.47890043210444
2021-11-13 23:06:12,682 INFO: epoch:77£¬lr:0.0001, acc:83.32260733658178, best_acc: 83.47890043210444
2021-11-13 23:10:00,905 INFO: epoch:78£¬lr:0.0001, acc:83.36857589408844, best_acc: 83.47890043210444
2021-11-13 23:13:47,758 INFO: epoch:79£¬lr:0.0001, acc:83.03760228004045, best_acc: 83.47890043210444
2021-11-13 23:13:47,759 INFO: best_acc:83.47890043210444
2021-11-13 23:32:41,274 INFO: model:mixnet, lr:0.0005, optimizer:Adam, epochs:20
2021-11-13 23:32:43,717 INFO: ------load start_epoch:69, best_acc:83.47890043210444------
2021-11-13 23:36:30,730 INFO: epoch:69£¬lr:0.0005, acc:83.05598970304312, best_acc: 83.47890043210444
2021-11-13 23:40:16,840 INFO: epoch:70£¬lr:0.0005, acc:83.01002114553646, best_acc: 83.47890043210444
2021-11-13 23:44:01,226 INFO: epoch:71£¬lr:0.0005, acc:83.06518341454445, best_acc: 83.47890043210444
2021-11-13 23:47:46,962 INFO: epoch:72£¬lr:0.0005, acc:82.87211547301645, best_acc: 83.47890043210444
2021-11-13 23:51:35,199 INFO: epoch:73£¬lr:0.0005, acc:83.14792681805645, best_acc: 83.47890043210444
2021-11-13 23:55:22,246 INFO: epoch:74£¬lr:0.0005, acc:83.35938218258711, best_acc: 83.47890043210444
2021-11-13 23:59:08,765 INFO: epoch:75£¬lr:0.0005, acc:83.37776960558978, best_acc: 83.47890043210444
2021-11-14 00:03:00,011 INFO: epoch:76£¬lr:0.0005, acc:83.06518341454445, best_acc: 83.47890043210444
2021-11-14 00:06:45,524 INFO: epoch:77£¬lr:0.0005, acc:83.43293187459777, best_acc: 83.47890043210444
2021-11-14 00:10:33,071 INFO: epoch:78£¬lr:0.0005, acc:83.28583249057644, best_acc: 83.47890043210444
2021-11-14 00:14:19,098 INFO: epoch:79£¬lr:0.0005, acc:83.35018847108577, best_acc: 83.47890043210444
2021-11-14 00:18:05,357 INFO: epoch:80£¬lr:0.0005, acc:83.46970672060311, best_acc: 83.47890043210444
2021-11-14 00:21:54,587 INFO: epoch:81£¬lr:0.0005, acc:83.48809414360578, best_acc: 83.48809414360578
2021-11-14 00:25:41,231 INFO: epoch:82£¬lr:0.0005, acc:83.61680610462443, best_acc: 83.61680610462443
2021-11-14 00:29:27,142 INFO: epoch:83£¬lr:0.0005, acc:83.33180104808311, best_acc: 83.61680610462443
2021-11-14 00:33:12,450 INFO: epoch:84£¬lr:0.0005, acc:83.42373816309644, best_acc: 83.61680610462443
2021-11-14 00:36:58,287 INFO: epoch:85£¬lr:0.0005, acc:83.33180104808311, best_acc: 83.61680610462443
2021-11-14 00:40:44,566 INFO: epoch:86£¬lr:0.0005, acc:83.57083754711778, best_acc: 83.61680610462443
2021-11-14 00:44:31,721 INFO: epoch:87£¬lr:0.0005, acc:83.40535074009378, best_acc: 83.61680610462443
2021-11-14 00:48:18,331 INFO: epoch:88£¬lr:0.0005, acc:82.89050289601913, best_acc: 83.61680610462443
2021-11-14 00:48:18,331 INFO: best_acc:83.61680610462443
2021-11-14 12:14:26,808 INFO: model:mixnet, lr:0.0001, optimizer:Adam, epochs:20
2021-11-14 12:14:29,361 INFO: ------load start_epoch:83, best_acc:83.61680610462443------
2021-11-14 12:18:32,163 INFO: epoch:83£¬lr:0.0001, acc:83.75471177714444, best_acc: 83.75471177714444
2021-11-14 12:22:19,657 INFO: epoch:84£¬lr:0.0001, acc:83.45131929760043, best_acc: 83.75471177714444
2021-11-14 12:26:08,213 INFO: epoch:85£¬lr:0.0001, acc:83.6076123931231, best_acc: 83.75471177714444
2021-11-14 12:29:53,088 INFO: epoch:86£¬lr:0.0001, acc:83.55245012411511, best_acc: 83.75471177714444
2021-11-14 12:33:46,677 INFO: epoch:87£¬lr:0.0001, acc:83.70874321963777, best_acc: 83.75471177714444
2021-11-14 12:37:37,329 INFO: epoch:88£¬lr:0.0001, acc:83.65358095062977, best_acc: 83.75471177714444
2021-11-14 12:41:28,531 INFO: epoch:89£¬lr:0.0001, acc:83.57083754711778, best_acc: 83.75471177714444
2021-11-14 12:45:47,437 INFO: epoch:90£¬lr:0.0001, acc:83.52486898961111, best_acc: 83.75471177714444
2021-11-14 12:49:38,356 INFO: epoch:91£¬lr:0.0001, acc:83.6903557966351, best_acc: 83.75471177714444
2021-11-14 12:53:23,461 INFO: epoch:92£¬lr:0.0001, acc:83.5800312586191, best_acc: 83.75471177714444
2021-11-14 12:57:04,950 INFO: epoch:93£¬lr:0.0001, acc:83.51567527810977, best_acc: 83.75471177714444
2021-11-14 13:00:47,897 INFO: epoch:94£¬lr:0.0001, acc:83.7730992001471, best_acc: 83.7730992001471
2021-11-14 13:04:27,074 INFO: epoch:95£¬lr:0.0001, acc:83.91100487266709, best_acc: 83.91100487266709
2021-11-14 13:08:04,602 INFO: epoch:96£¬lr:0.0001, acc:83.6903557966351, best_acc: 83.91100487266709
2021-11-14 13:11:42,907 INFO: epoch:97£¬lr:0.0001, acc:83.6076123931231, best_acc: 83.91100487266709
2021-11-14 13:15:21,182 INFO: epoch:98£¬lr:0.0001, acc:83.64438723912843, best_acc: 83.91100487266709
2021-11-14 13:19:05,743 INFO: epoch:99£¬lr:0.0001, acc:83.67196837363244, best_acc: 83.91100487266709
2021-11-14 13:22:50,159 INFO: epoch:100£¬lr:0.0001, acc:83.8558426036591, best_acc: 83.91100487266709
2021-11-14 13:26:33,412 INFO: epoch:101£¬lr:0.0001, acc:83.72713064264043, best_acc: 83.91100487266709
2021-11-14 13:30:21,642 INFO: epoch:102£¬lr:0.0001, acc:83.50648156660844, best_acc: 83.91100487266709
2021-11-14 13:30:21,643 INFO: best_acc:83.91100487266709
2021-11-14 13:55:31,271 INFO: model:mixnet, lr:1e-05, optimizer:Adam, epochs:20
2021-11-14 13:55:33,594 INFO: ------load start_epoch:96, best_acc:83.91100487266709------
2021-11-14 13:59:13,175 INFO: epoch:96£¬lr:1e-05, acc:83.62599981612577, best_acc: 83.91100487266709
2021-11-14 14:02:49,217 INFO: epoch:97£¬lr:1e-05, acc:83.65358095062977, best_acc: 83.91100487266709
2021-11-14 14:06:24,310 INFO: epoch:98£¬lr:1e-05, acc:83.61680610462443, best_acc: 83.91100487266709
2021-11-14 14:10:00,333 INFO: epoch:99£¬lr:1e-05, acc:83.58922497012044, best_acc: 83.91100487266709
2021-11-14 14:13:36,818 INFO: epoch:100£¬lr:1e-05, acc:83.72713064264043, best_acc: 83.91100487266709
2021-11-14 14:17:10,033 INFO: epoch:101£¬lr:1e-05, acc:83.70874321963777, best_acc: 83.91100487266709
2021-11-14 14:20:43,485 INFO: epoch:102£¬lr:1e-05, acc:83.63519352762711, best_acc: 83.91100487266709
2021-11-14 14:24:18,143 INFO: epoch:103£¬lr:1e-05, acc:83.58922497012044, best_acc: 83.91100487266709
2021-11-14 14:27:49,485 INFO: epoch:104£¬lr:1e-05, acc:83.7179369311391, best_acc: 83.91100487266709
2021-11-14 14:31:22,083 INFO: epoch:105£¬lr:1e-05, acc:83.6627746621311, best_acc: 83.91100487266709
2021-11-14 14:34:52,483 INFO: epoch:106£¬lr:1e-05, acc:83.56164383561644, best_acc: 83.91100487266709
2021-11-14 14:38:23,586 INFO: epoch:107£¬lr:1e-05, acc:83.6903557966351, best_acc: 83.91100487266709
2021-11-14 14:41:57,091 INFO: epoch:108£¬lr:1e-05, acc:83.79148662314977, best_acc: 83.91100487266709
2021-11-14 14:45:29,390 INFO: epoch:109£¬lr:1e-05, acc:83.59841868162177, best_acc: 83.91100487266709
2021-11-14 14:49:00,198 INFO: epoch:110£¬lr:1e-05, acc:83.7455180656431, best_acc: 83.91100487266709
2021-11-14 14:52:30,617 INFO: epoch:111£¬lr:1e-05, acc:83.78229291164843, best_acc: 83.91100487266709
2021-11-14 14:56:01,022 INFO: epoch:112£¬lr:1e-05, acc:83.6076123931231, best_acc: 83.91100487266709
2021-11-14 14:59:32,032 INFO: epoch:113£¬lr:1e-05, acc:83.75471177714444, best_acc: 83.91100487266709
2021-11-14 15:03:05,103 INFO: epoch:114£¬lr:1e-05, acc:83.73632435414177, best_acc: 83.91100487266709
2021-11-14 15:06:36,376 INFO: epoch:115£¬lr:1e-05, acc:83.47890043210444, best_acc: 83.91100487266709
2021-11-14 15:06:36,376 INFO: best_acc:83.91100487266709
