2021-11-12 22:36:43,938 INFO: model:mobilevit_xxs, lr:0.1, optimizer:Adam, epochs:20
2021-11-12 22:39:24,250 INFO: epoch:1£¬lr:0.1, acc:20.318102417946125, best_acc: 20.318102417946125
2021-11-12 22:41:49,804 INFO: epoch:2£¬lr:0.1, acc:9.359198308357083, best_acc: 20.318102417946125
2021-11-12 22:44:23,079 INFO: epoch:3£¬lr:0.1, acc:30.587478164935185, best_acc: 30.587478164935185
2021-11-12 22:46:48,970 INFO: epoch:4£¬lr:0.1, acc:43.32996230578284, best_acc: 43.32996230578284
2021-11-12 22:49:16,490 INFO: epoch:5£¬lr:0.1, acc:51.77898317550795, best_acc: 51.77898317550795
2021-11-12 22:51:42,511 INFO: epoch:6£¬lr:0.1, acc:49.43458674266802, best_acc: 51.77898317550795
2021-11-12 22:54:07,430 INFO: epoch:7£¬lr:0.1, acc:56.10922129263584, best_acc: 56.10922129263584
2021-11-12 22:56:34,425 INFO: epoch:8£¬lr:0.1, acc:43.762066746345496, best_acc: 56.10922129263584
2021-11-12 22:59:01,863 INFO: epoch:9£¬lr:0.1, acc:47.39358278937207, best_acc: 56.10922129263584
2021-11-12 23:01:27,506 INFO: epoch:10£¬lr:0.1, acc:21.035211915050105, best_acc: 56.10922129263584
2021-11-12 23:05:37,582 INFO: model:mobilevit_xxs, lr:0.07, optimizer:Adam, epochs:20
2021-11-12 23:06:14,843 INFO: model:mobilevit_xxs, lr:0.07, optimizer:Adam, epochs:20
2021-11-12 23:06:16,898 INFO: ------load start_epoch:8, best_acc:56.10922129263584------
2021-11-12 23:08:45,084 INFO: epoch:8£¬lr:0.07, acc:42.934632711225525, best_acc: 56.10922129263584
2021-11-12 23:11:10,768 INFO: epoch:9£¬lr:0.07, acc:59.32702031810242, best_acc: 59.32702031810242
2021-11-12 23:13:36,793 INFO: epoch:10£¬lr:0.07, acc:28.675186172657902, best_acc: 59.32702031810242
2021-11-12 23:16:01,918 INFO: epoch:11£¬lr:0.07, acc:49.33345591615335, best_acc: 59.32702031810242
2021-11-12 23:18:28,557 INFO: epoch:12£¬lr:0.07, acc:46.961478348809415, best_acc: 59.32702031810242
2021-11-12 23:22:17,934 INFO: model:mobilevit_xxs, lr:0.01, optimizer:Adam, epochs:20
2021-11-12 23:22:19,965 INFO: ------load start_epoch:10, best_acc:59.32702031810242------
2021-11-12 23:24:50,033 INFO: epoch:10£¬lr:0.01, acc:72.5475774570194, best_acc: 72.5475774570194
2021-11-12 23:27:15,273 INFO: epoch:11£¬lr:0.01, acc:73.31065551163005, best_acc: 73.31065551163005
2021-11-12 23:29:40,771 INFO: epoch:12£¬lr:0.01, acc:72.4372529190034, best_acc: 73.31065551163005
2021-11-12 23:32:07,252 INFO: epoch:13£¬lr:0.01, acc:70.92948423278477, best_acc: 73.31065551163005
2021-11-12 23:34:34,843 INFO: epoch:14£¬lr:0.01, acc:63.91468235726763, best_acc: 73.31065551163005
2021-11-12 23:35:52,033 INFO: model:mobilevit_xxs, lr:0.005, optimizer:Adam, epochs:20
2021-11-12 23:35:54,061 INFO: ------load start_epoch:12, best_acc:73.31065551163005------
2021-11-12 23:38:21,531 INFO: epoch:12£¬lr:0.005, acc:75.60908338696332, best_acc: 75.60908338696332
2021-11-12 23:40:46,912 INFO: epoch:13£¬lr:0.005, acc:76.4089362875793, best_acc: 76.4089362875793
2021-11-12 23:43:12,922 INFO: epoch:14£¬lr:0.005, acc:76.2158683460513, best_acc: 76.4089362875793
2021-11-12 23:45:38,137 INFO: epoch:15£¬lr:0.005, acc:76.49167969109129, best_acc: 76.49167969109129
2021-11-12 23:48:04,933 INFO: epoch:16£¬lr:0.005, acc:76.25264319205664, best_acc: 76.49167969109129
2021-11-12 23:50:30,612 INFO: epoch:17£¬lr:0.005, acc:76.63877907511262, best_acc: 76.63877907511262
2021-11-12 23:52:54,876 INFO: epoch:18£¬lr:0.005, acc:77.14443320768595, best_acc: 77.14443320768595
2021-11-12 23:55:22,864 INFO: epoch:19£¬lr:0.005, acc:76.81345959363796, best_acc: 77.14443320768595
2021-11-12 23:57:49,340 INFO: epoch:20£¬lr:0.005, acc:76.73071619012596, best_acc: 77.14443320768595
2021-11-13 00:00:14,430 INFO: epoch:21£¬lr:0.005, acc:78.13735404982991, best_acc: 78.13735404982991
2021-11-13 00:02:42,638 INFO: epoch:22£¬lr:0.005, acc:78.64300818240324, best_acc: 78.64300818240324
2021-11-13 00:05:10,060 INFO: epoch:23£¬lr:0.005, acc:73.96340902822469, best_acc: 78.64300818240324
2021-11-13 00:07:36,064 INFO: epoch:24£¬lr:0.005, acc:78.61542704789923, best_acc: 78.64300818240324
2021-11-13 00:10:02,805 INFO: epoch:25£¬lr:0.005, acc:77.3007263032086, best_acc: 78.64300818240324
2021-11-13 00:12:27,955 INFO: epoch:26£¬lr:0.005, acc:78.65220189390458, best_acc: 78.65220189390458
2021-11-13 00:14:54,936 INFO: epoch:27£¬lr:0.005, acc:78.92801323894456, best_acc: 78.92801323894456
2021-11-13 00:17:21,132 INFO: epoch:28£¬lr:0.005, acc:78.4959087983819, best_acc: 78.92801323894456
2021-11-13 00:19:49,012 INFO: epoch:29£¬lr:0.005, acc:78.76252643192056, best_acc: 78.92801323894456
2021-11-13 00:22:13,600 INFO: epoch:30£¬lr:0.005, acc:78.37639054886458, best_acc: 78.92801323894456
2021-11-13 00:24:40,579 INFO: epoch:31£¬lr:0.005, acc:78.45913395237658, best_acc: 78.92801323894456
2021-11-13 00:24:40,579 INFO: best_acc:78.92801323894456
2021-11-13 00:25:03,442 INFO: model:mobilevit_xxs, lr:0.003, optimizer:Adam, epochs:20
2021-11-13 00:25:05,452 INFO: ------load start_epoch:28, best_acc:78.92801323894456------
2021-11-13 00:27:38,205 INFO: epoch:28£¬lr:0.003, acc:79.56237933253655, best_acc: 79.56237933253655
2021-11-13 00:30:05,145 INFO: epoch:29£¬lr:0.003, acc:80.62884986669118, best_acc: 80.62884986669118
2021-11-13 00:32:31,686 INFO: epoch:30£¬lr:0.003, acc:80.27029511813919, best_acc: 80.62884986669118
2021-11-13 00:34:58,064 INFO: epoch:31£¬lr:0.003, acc:79.19463087248322, best_acc: 80.62884986669118
2021-11-13 00:37:25,847 INFO: epoch:32£¬lr:0.003, acc:80.15077686862186, best_acc: 80.62884986669118
2021-11-13 00:39:52,533 INFO: epoch:33£¬lr:0.003, acc:80.11400202261653, best_acc: 80.62884986669118
2021-11-13 00:42:17,303 INFO: epoch:34£¬lr:0.003, acc:79.98529006159787, best_acc: 80.62884986669118
2021-11-13 00:44:44,816 INFO: epoch:35£¬lr:0.003, acc:79.49802335202722, best_acc: 80.62884986669118
2021-11-13 00:47:11,981 INFO: epoch:36£¬lr:0.003, acc:80.30706996414453, best_acc: 80.62884986669118
2021-11-13 00:49:38,482 INFO: epoch:37£¬lr:0.003, acc:79.81980325457387, best_acc: 80.62884986669118
2021-11-13 00:49:55,931 INFO: model:mobilevit_xxs, lr:0.001, optimizer:Adam, epochs:20
2021-11-13 00:49:57,948 INFO: ------load start_epoch:30, best_acc:80.62884986669118------
2021-11-13 00:52:26,780 INFO: epoch:30£¬lr:0.001, acc:81.22644111427783, best_acc: 81.22644111427783
2021-11-13 00:54:53,139 INFO: epoch:31£¬lr:0.001, acc:81.47467132481383, best_acc: 81.47467132481383
2021-11-13 00:57:19,699 INFO: epoch:32£¬lr:0.001, acc:81.2448285372805, best_acc: 81.47467132481383
2021-11-13 00:59:45,855 INFO: epoch:33£¬lr:0.001, acc:81.79645122736049, best_acc: 81.79645122736049
2021-11-13 01:02:13,821 INFO: epoch:34£¬lr:0.001, acc:81.53902730532316, best_acc: 81.79645122736049
2021-11-13 01:04:39,685 INFO: epoch:35£¬lr:0.001, acc:81.68612668934449, best_acc: 81.79645122736049
2021-11-13 01:07:05,198 INFO: epoch:36£¬lr:0.001, acc:81.5206398823205, best_acc: 81.79645122736049
2021-11-13 01:09:32,846 INFO: epoch:37£¬lr:0.001, acc:81.42870276730716, best_acc: 81.79645122736049
2021-11-13 01:12:00,788 INFO: epoch:38£¬lr:0.001, acc:81.94355061138181, best_acc: 81.94355061138181
2021-11-13 01:14:27,168 INFO: epoch:39£¬lr:0.001, acc:81.4378964788085, best_acc: 81.94355061138181
2021-11-13 01:16:55,176 INFO: epoch:40£¬lr:0.001, acc:81.52983359382182, best_acc: 81.94355061138181
2021-11-13 01:19:23,363 INFO: epoch:41£¬lr:0.001, acc:81.12531028776317, best_acc: 81.94355061138181
2021-11-13 01:19:38,702 INFO: model:mobilevit_xxs, lr:0.0007, optimizer:Adam, epochs:20
2021-11-13 01:19:40,728 INFO: ------load start_epoch:39, best_acc:81.94355061138181------
2021-11-13 01:22:09,436 INFO: epoch:39£¬lr:0.0007, acc:81.49305874781649, best_acc: 81.94355061138181
2021-11-13 01:24:35,549 INFO: epoch:40£¬lr:0.0007, acc:81.89758205387515, best_acc: 81.94355061138181
2021-11-13 01:24:54,055 INFO: model:mobilevit_xxs, lr:0.0005, optimizer:Adam, epochs:20
2021-11-13 01:24:56,079 INFO: ------load start_epoch:39, best_acc:81.94355061138181------
2021-11-13 01:27:24,975 INFO: epoch:39£¬lr:0.0005, acc:81.61257699733382, best_acc: 81.94355061138181
2021-11-13 01:29:51,780 INFO: epoch:40£¬lr:0.0005, acc:81.98032545738715, best_acc: 81.98032545738715
2021-11-13 01:32:18,707 INFO: epoch:41£¬lr:0.0005, acc:81.78725751585915, best_acc: 81.98032545738715
2021-11-13 01:32:43,029 INFO: model:mobilevit_xxs, lr:0.0001, optimizer:Adam, epochs:20
2021-11-13 01:32:45,029 INFO: ------load start_epoch:41, best_acc:81.98032545738715------
2021-11-13 01:35:13,871 INFO: epoch:41£¬lr:0.0001, acc:82.09064999540314, best_acc: 82.09064999540314
2021-11-13 01:37:39,074 INFO: epoch:42£¬lr:0.0001, acc:82.32968649443781, best_acc: 82.32968649443781
2021-11-13 01:40:04,503 INFO: epoch:43£¬lr:0.0001, acc:82.01710030339248, best_acc: 82.32968649443781
2021-11-13 01:42:30,074 INFO: epoch:44£¬lr:0.0001, acc:82.1090374184058, best_acc: 82.32968649443781
2021-11-13 01:44:57,113 INFO: epoch:45£¬lr:0.0001, acc:82.17339339891514, best_acc: 82.32968649443781
2021-11-13 01:47:22,950 INFO: epoch:46£¬lr:0.0001, acc:81.96193803438449, best_acc: 82.32968649443781
2021-11-13 01:49:47,228 INFO: epoch:47£¬lr:0.0001, acc:82.13661855290981, best_acc: 82.32968649443781
2021-11-13 01:52:13,831 INFO: epoch:48£¬lr:0.0001, acc:82.03548772639515, best_acc: 82.32968649443781
2021-11-13 01:54:40,877 INFO: epoch:49£¬lr:0.0001, acc:82.09064999540314, best_acc: 82.32968649443781
2021-11-13 01:57:06,428 INFO: epoch:50£¬lr:0.0001, acc:82.1090374184058, best_acc: 82.32968649443781
2021-11-13 01:59:33,436 INFO: epoch:51£¬lr:0.0001, acc:82.06306886089915, best_acc: 82.32968649443781
2021-11-13 02:02:00,965 INFO: epoch:52£¬lr:0.0001, acc:82.08145628390182, best_acc: 82.32968649443781
2021-11-13 02:04:26,741 INFO: epoch:53£¬lr:0.0001, acc:82.09064999540314, best_acc: 82.32968649443781
2021-11-13 02:06:54,086 INFO: epoch:54£¬lr:0.0001, acc:82.09984370690448, best_acc: 82.32968649443781
2021-11-13 02:09:18,922 INFO: epoch:55£¬lr:0.0001, acc:82.11823112990714, best_acc: 82.32968649443781
2021-11-13 02:11:45,029 INFO: epoch:56£¬lr:0.0001, acc:82.15500597591247, best_acc: 82.32968649443781
2021-11-13 02:14:10,231 INFO: epoch:57£¬lr:0.0001, acc:81.90677576537648, best_acc: 82.32968649443781
2021-11-13 02:16:37,736 INFO: epoch:58£¬lr:0.0001, acc:82.05387514939781, best_acc: 82.32968649443781
2021-11-13 02:19:02,138 INFO: epoch:59£¬lr:0.0001, acc:82.12742484140847, best_acc: 82.32968649443781
2021-11-13 02:21:27,991 INFO: epoch:60£¬lr:0.0001, acc:82.15500597591247, best_acc: 82.32968649443781
2021-11-13 02:21:27,991 INFO: best_acc:82.32968649443781
2021-11-13 08:36:23,689 INFO: model:mobilevit_xxs, lr:5e-05, optimizer:Adam, epochs:20
2021-11-13 08:36:25,833 INFO: ------load start_epoch:43, best_acc:82.32968649443781------
2021-11-13 08:39:01,694 INFO: epoch:43£¬lr:5e-05, acc:82.06306886089915, best_acc: 82.32968649443781
2021-11-13 08:41:27,854 INFO: epoch:44£¬lr:5e-05, acc:82.3021053599338, best_acc: 82.32968649443781
2021-11-13 08:43:53,902 INFO: epoch:45£¬lr:5e-05, acc:82.1090374184058, best_acc: 82.32968649443781
2021-11-13 08:46:19,745 INFO: epoch:46£¬lr:5e-05, acc:82.16419968741381, best_acc: 82.32968649443781
2021-11-13 08:46:58,409 INFO: model:mobilevit_xxs, lr:1e-05, optimizer:Adam, epochs:20
2021-11-13 08:47:00,486 INFO: ------load start_epoch:43, best_acc:82.32968649443781------
2021-11-13 08:49:29,351 INFO: epoch:43£¬lr:1e-05, acc:82.01710030339248, best_acc: 82.32968649443781
2021-11-13 08:51:54,286 INFO: epoch:44£¬lr:1e-05, acc:82.2745242254298, best_acc: 82.32968649443781
